<?xml version="1.0" encoding="UTF-8"?>
<testng-results ignored="0" total="1" passed="1" failed="0" skipped="0">
  <reporter-output>
  </reporter-output>
  <suite started-at="2023-05-19T13:21:07 IST" name="Default suite" finished-at="2023-05-19T13:21:28 IST" duration-ms="20749">
    <groups>
    </groups>
    <test started-at="2023-05-19T13:21:07 IST" name="Default test" finished-at="2023-05-19T13:21:28 IST" duration-ms="20749">
      <class name="javascriptExecutorExample.SampleApplication">
        <test-method is-config="true" signature="launchApp()[pri:0, instance:javascriptExecutorExample.SampleApplication@57af006c]" started-at="2023-05-19T13:21:07 IST" name="launchApp" finished-at="2023-05-19T13:21:13 IST" duration-ms="6072" status="PASS">
          <reporter-output>
          </reporter-output>
        </test-method> <!-- launchApp -->
        <test-method signature="verifyModelExample()[pri:0, instance:javascriptExecutorExample.SampleApplication@57af006c]" started-at="2023-05-19T13:21:13 IST" name="verifyModelExample" finished-at="2023-05-19T13:21:28 IST" duration-ms="14130" status="PASS">
          <reporter-output>
          </reporter-output>
        </test-method> <!-- verifyModelExample -->
        <test-method is-config="true" signature="closeApp()[pri:0, instance:javascriptExecutorExample.SampleApplication@57af006c]" started-at="2023-05-19T13:21:28 IST" name="closeApp" finished-at="2023-05-19T13:21:28 IST" duration-ms="453" status="PASS">
          <reporter-output>
          </reporter-output>
        </test-method> <!-- closeApp -->
      </class> <!-- javascriptExecutorExample.SampleApplication -->
    </test> <!-- Default test -->
  </suite> <!-- Default suite -->
</testng-results>
